ISim log file
Running: D:\kevin\logicgates\fulladder_1_isim_beh.exe -intstyle ise -gui -tclbatch isim.cmd -wdb D:/kevin/logicgates/fulladder_1_isim_beh.wdb 
ISim P.20131013 (signature 0x7708f090)
This is a Full version of ISim.
Time resolution is 1 ps
# onerror resume
# wave add /
# run 1000 ns
Simulator is doing circuit initialization process.
Finished circuit initialization process.
# isim force add /fulladder_1/a 0 -radix bin
# isim force add /fulladder_1/a 0 -radix bin
# isim force add /fulladder_1/b 0 -radix bin
# isim force add /fulladder_1/b 0 -radix bin
# isim force add /fulladder_1/ci 0 -radix bin
# isim force add /fulladder_1/ci 0 -radix bin
# run 1.00us
# isim force add /fulladder_1/ci 1 -radix bin
# isim force add /fulladder_1/ci 1 -radix bin
# run 1.00us
# isim force add /fulladder_1/ci 0 -radix bin
# isim force add /fulladder_1/ci 0 -radix bin
# isim force add /fulladder_1/b 1 -radix bin
# isim force add /fulladder_1/b 1 -radix bin
# run 1.00us
# isim force add /fulladder_1/ci 1 -radix bin
# isim force add /fulladder_1/ci 1 -radix bin
# run 1.00us
# isim force add /fulladder_1/a 1 -radix bin
# isim force add /fulladder_1/a 1 -radix bin
# isim force add /fulladder_1/b 0 -radix bin
# isim force add /fulladder_1/b 0 -radix bin
# isim force add /fulladder_1/ci 0 -radix bin
# isim force add /fulladder_1/ci 0 -radix bin
# run 1.00us
# isim force add /fulladder_1/ci 1 -radix bin
# isim force add /fulladder_1/ci 1 -radix bin
# run 1.00us
# isim force add /fulladder_1/ci 0 -radix bin
# isim force add /fulladder_1/ci 0 -radix bin
# isim force add /fulladder_1/b 1 -radix bin
# isim force add /fulladder_1/b 1 -radix bin
# run 1.00us
# isim force add /fulladder_1/ci 1 -radix bin
# isim force add /fulladder_1/ci 1 -radix bin
# run 1.00us
